<?xml version="1.0" encoding="UTF-8"?>
<testng-results ignored="0" total="1" passed="1" failed="0" skipped="0">
  <reporter-output>
  </reporter-output>
  <suite started-at="2025-05-18T19:07:08 IST" name="Default suite" finished-at="2025-05-18T19:07:16 IST" duration-ms="8426">
    <groups>
    </groups>
    <test started-at="2025-05-18T19:07:08 IST" name="Default test" finished-at="2025-05-18T19:07:16 IST" duration-ms="8426">
      <class name="com.LearningSelenium.basics.SeleniumTest2">
        <test-method signature="launchBrowser()[pri:0, instance:com.LearningSelenium.basics.SeleniumTest2@626abbd0]" started-at="2025-05-18T19:07:08 IST" name="launchBrowser" finished-at="2025-05-18T19:07:16 IST" duration-ms="7696" status="PASS">
          <reporter-output>
          </reporter-output>
        </test-method> <!-- launchBrowser -->
      </class> <!-- com.LearningSelenium.basics.SeleniumTest2 -->
    </test> <!-- Default test -->
  </suite> <!-- Default suite -->
</testng-results>
